# JRE version: OpenJDK Runtime Environment (18.0.2+9) (build 18.0.2+9-61)
# Java VM: OpenJDK 64-Bit Server VM (18.0.2+9-61, mixed mode, sharing, tiered, compressed oops, compressed class ptrs, g1 gc, windows-amd64)
GC Precious Log:
 CardTable entry size: 512
 Card Set container configuration: InlinePtr #cards 5 size 8 Array Of Cards #cards 12 size 40 Howl #buckets 4 coarsen threshold 1843 Howl Bitmap #cards 512 size 80 coarsen threshold 460 Card regions per heap region 1 cards per card region 2048
 CPUs: 8 total, 8 available
 Memory: 32687M
 Large Page Support: Disabled
 NUMA Support: Disabled
 Compressed Oops: Enabled (32-bit)
 Heap Region Size: 1M
 Heap Min Capacity: 256M
 Heap Initial Capacity: 256M
 Heap Max Capacity: 512M
 Pre-touch: Disabled
 Parallel Workers: 8
 Concurrent Workers: 2
 Concurrent Refinement Workers: 8
 Periodic GC: Disabled
Heap:
 garbage-first heap   total 262144K, used 130281K [0x00000000e0000000, 0x0000000100000000)
  region size 1024K, 114 young (116736K), 12 survivors (12288K)
 Metaspace       used 34748K, committed 35904K, reserved 380928K
  class space    used 4821K, committed 5440K, reserved 315392K
GC Heap History (6 events):
Event: 0.353 GC heap before
{Heap before GC invocations=0 (full 0):
 garbage-first heap   total 262144K, used 26624K [0x00000000e0000000, 0x0000000100000000)
  region size 1024K, 23 young (23552K), 0 survivors (0K)
 Metaspace       used 3102K, committed 3264K, reserved 380928K
  class space    used 389K, committed 448K, reserved 315392K
}
Event: 0.355 GC heap after
{Heap after GC invocations=1 (full 0):
 garbage-first heap   total 262144K, used 11095K [0x00000000e0000000, 0x0000000100000000)
  region size 1024K, 3 young (3072K), 3 survivors (3072K)
 Metaspace       used 3102K, committed 3264K, reserved 380928K
  class space    used 389K, committed 448K, reserved 315392K
}
Event: 0.567 GC heap before
{Heap before GC invocations=1 (full 0):
 garbage-first heap   total 262144K, used 38743K [0x00000000e0000000, 0x0000000100000000)
  region size 1024K, 30 young (30720K), 3 survivors (3072K)
 Metaspace       used 4070K, committed 4288K, reserved 380928K
  class space    used 492K, committed 576K, reserved 315392K
}
Event: 0.569 GC heap after
{Heap after GC invocations=2 (full 0):
 garbage-first heap   total 262144K, used 12450K [0x00000000e0000000, 0x0000000100000000)
  region size 1024K, 2 young (2048K), 2 survivors (2048K)
 Metaspace       used 4070K, committed 4288K, reserved 380928K
  class space    used 492K, committed 576K, reserved 315392K
}
Event: 1.667 GC heap before
{Heap before GC invocations=2 (full 0):
 garbage-first heap   total 262144K, used 122018K [0x00000000e0000000, 0x0000000100000000)
  region size 1024K, 110 young (112640K), 2 survivors (2048K)
 Metaspace       used 20772K, committed 21504K, reserved 380928K
  class space    used 3049K, committed 3456K, reserved 315392K
}
Event: 1.672 GC heap after
{Heap after GC invocations=3 (full 0):
 garbage-first heap   total 262144K, used 22761K [0x00000000e0000000, 0x0000000100000000)
  region size 1024K, 12 young (12288K), 12 survivors (12288K)
 Metaspace       used 20772K, committed 21504K, reserved 380928K
  class space    used 3049K, committed 3456K, reserved 315392K
}

